{"name": "test_order_down_button", "status": "broken", "statusDetails": {"message": "selenium.common.exceptions.TimeoutException: Message: Not find ('xpath', \"//html/body/form/button[@class='arrow__button']\")\nStacktrace:\nRemoteError@chrome://remote/content/shared/RemoteError.sys.mjs:8:8\nWebDriverError@chrome://remote/content/shared/webdriver/Errors.sys.mjs:180:5\nNoSuchElementError@chrome://remote/content/shared/webdriver/Errors.sys.mjs:392:5\nelement.find/</<@chrome://remote/content/marionette/element.sys.mjs:133:16", "trace": "browser = <selenium.webdriver.firefox.webdriver.WebDriver (session=\"3c14b7ad-4d32-4619-a2a9-ea2fddb14997\")>\n\n    def test_order_down_button(browser):\n        start_page = StartPage(browser)\n        form_order = FormOrderPage(browser)\n        ya_page = MainPage(browser)\n    \n        start_page.go_to_site()\n        start_page.click_cookie_button()\n        start_page.click_order_down_button()\n    \n        form_order.enter_name(\"Петя\")\n        form_order.enter_sername(\"Петров\")\n        form_order.enter_adress(\"Москва\")\n        form_order.enter_metro()\n        form_order.enter_phone(\"89113452345\")\n        form_order.click_next_button()\n        form_order.enter_data(\"26.04.2023\")\n        form_order.enter_period()\n        form_order.enter_color()\n        form_order.enter_comment(\"\")\n        form_order.click_form_rent_order_button()\n        form_order.click_order_ok_button()\n        order_text = form_order.check_text_order()\n        assert \"Номер заказа\" in order_text\n    \n        form_order.click_look_status()\n        form_order.click_ya()\n>       check_text = ya_page.text_on_search_button()\n\ntests\\test_order.py:61: \n_ _ _ _ _ _ _ _ _ _ _ _ _ _ _ _ _ _ _ _ _ _ _ _ _ _ _ _ _ _ _ _ _ _ _ _ _ _ _ _ _ _ _ _ _ _ _ _ _ _ _ _ _ _ _ _ _ _ _ \npages\\ya_page.py:11: in text_on_search_button\n    return self.find_element(YaMainLocators.LOCATOR_YA_SEARCH_BUTTON).text\npages\\base_page.py:15: in find_element\n    return WebDriverWait(self.driver, time).until(EC.presence_of_element_located(locator),\n_ _ _ _ _ _ _ _ _ _ _ _ _ _ _ _ _ _ _ _ _ _ _ _ _ _ _ _ _ _ _ _ _ _ _ _ _ _ _ _ _ _ _ _ _ _ _ _ _ _ _ _ _ _ _ _ _ _ _ \n\nself = <selenium.webdriver.support.wait.WebDriverWait (session=\"3c14b7ad-4d32-4619-a2a9-ea2fddb14997\")>\nmethod = <function presence_of_element_located.<locals>._predicate at 0x000002663D9F7D80>\nmessage = 'Not find (\\'xpath\\', \"//html/body/form/button[@class=\\'arrow__button\\']\")'\n\n    def until(self, method, message: str = \"\"):\n        \"\"\"Calls the method provided with the driver as an argument until the \\\n        return value does not evaluate to ``False``.\n    \n        :param method: callable(WebDriver)\n        :param message: optional message for :exc:`TimeoutException`\n        :returns: the result of the last call to `method`\n        :raises: :exc:`selenium.common.exceptions.TimeoutException` if timeout occurs\n        \"\"\"\n        screen = None\n        stacktrace = None\n    \n        end_time = time.monotonic() + self._timeout\n        while True:\n            try:\n                value = method(self._driver)\n                if value:\n                    return value\n            except self._ignored_exceptions as exc:\n                screen = getattr(exc, \"screen\", None)\n                stacktrace = getattr(exc, \"stacktrace\", None)\n            time.sleep(self._poll)\n            if time.monotonic() > end_time:\n                break\n>       raise TimeoutException(message, screen, stacktrace)\nE       selenium.common.exceptions.TimeoutException: Message: Not find ('xpath', \"//html/body/form/button[@class='arrow__button']\")\nE       Stacktrace:\nE       RemoteError@chrome://remote/content/shared/RemoteError.sys.mjs:8:8\nE       WebDriverError@chrome://remote/content/shared/webdriver/Errors.sys.mjs:180:5\nE       NoSuchElementError@chrome://remote/content/shared/webdriver/Errors.sys.mjs:392:5\nE       element.find/</<@chrome://remote/content/marionette/element.sys.mjs:133:16\n\n..\\..\\AppData\\Local\\Programs\\Python\\Python311\\Lib\\site-packages\\selenium\\webdriver\\support\\wait.py:95: TimeoutException"}, "start": 1677361196247, "stop": 1677361212017, "uuid": "0e729f6d-2bba-4f0e-845f-072d0d05dcb8", "historyId": "cce5d9b316006943b8038d8157cc823c", "testCaseId": "8c2a74bb02e003a9bf6256330b5f3ccb", "fullName": "tests.test_order#test_order_down_button", "labels": [{"name": "parentSuite", "value": "tests"}, {"name": "suite", "value": "test_order"}, {"name": "host", "value": "LAPTOP-420D5GF1"}, {"name": "thread", "value": "84912-MainThread"}, {"name": "framework", "value": "pytest"}, {"name": "language", "value": "cpython3"}, {"name": "package", "value": "tests.test_order"}]}